<?xml version="1.0" encoding="UTF-8"?>
<testsuite xmlns:xsi="http://www.w3.org/2001/XMLSchema-instance" xsi:noNamespaceSchemaLocation="https://maven.apache.org/surefire/maven-surefire-plugin/xsd/surefire-test-report-3.0.xsd" version="3.0" name="com.commerzbank.helloworld.HelloworldApplicationTests" time="2.982" tests="1" errors="0" skipped="0" failures="0">
  <properties>
[...]
</properties>
  <testcase name="contextLoads" classname="com.commerzbank.helloworld.HelloworldApplicationTests" time="0.816">
    <system-out><![CDATA[08:51:02.849 [main] INFO org.springframework.test.context.support.AnnotationConfigContextLoaderUtils -- Could not detect default configuration classes for test class [com.commerzbank.helloworld.HelloworldApplicationTests]: HelloworldApplicationTests does not declare any static, non-private, non-final, nested classes annotated with @Configuration.
08:51:02.935 [main] INFO org.springframework.boot.test.context.SpringBootTestContextBootstrapper -- Found @SpringBootConfiguration com.commerzbank.helloworld.HelloworldApplication for test class com.commerzbank.helloworld.HelloworldApplicationTests

  .   ____          _            __ _ _
 /\\ / ___'_ __ _ _(_)_ __  __ _ \ \ \ \
( ( )\___ | '_ | '_| | '_ \/ _` | \ \ \ \
 \\/  ___)| |_)| | | | | || (_| |  ) ) ) )
  '  |____| .__|_| |_|_| |_\__, | / / / /
 =========|_|==============|___/=/_/_/_/

 :: Spring Boot ::                (v3.3.1)

2024-08-21T08:51:03.301+02:00  INFO 23776 --- [helloworld] [           main] c.c.h.HelloworldApplicationTests         : Starting HelloworldApplicationTests using Java 17.0.12 with PID 23776 (started by gf2shys in C:\Users\GF2SHYS\Downloads\helloworld)
2024-08-21T08:51:03.303+02:00  INFO 23776 --- [helloworld] [           main] c.c.h.HelloworldApplicationTests         : No active profile set, falling back to 1 default profile: "default"
2024-08-21T08:51:04.741+02:00  INFO 23776 --- [helloworld] [           main] o.s.b.a.e.web.EndpointLinksResolver      : Exposing 1 endpoint beneath base path '/actuator'
2024-08-21T08:51:04.800+02:00  INFO 23776 --- [helloworld] [           main] c.c.h.HelloworldApplicationTests         : Started HelloworldApplicationTests in 1.72 seconds (process running for 2.609)
]]></system-out>
  </testcase>
</testsuite>